<?xml version="1.0" encoding="UTF-8"?>
<testng-results ignored="0" total="1" passed="1" failed="0" skipped="0">
  <reporter-output>
  </reporter-output>
  <suite started-at="2023-11-01T18:12:19 IST" name="Default suite" finished-at="2023-11-01T18:12:50 IST" duration-ms="31002">
    <groups>
    </groups>
    <test started-at="2023-11-01T18:12:19 IST" name="Default test" finished-at="2023-11-01T18:12:50 IST" duration-ms="31002">
      <class name="com.cucumber.HookClass">
        <test-method signature="setup()[pri:0, instance:com.cucumber.HookClass@4310d43]" started-at="2023-11-01T18:12:19 IST" name="setup" finished-at="2023-11-01T18:12:50 IST" duration-ms="30924" status="PASS">
          <reporter-output>
          </reporter-output>
        </test-method> <!-- setup -->
      </class> <!-- com.cucumber.HookClass -->
    </test> <!-- Default test -->
  </suite> <!-- Default suite -->
</testng-results>
